<?xml version="1.0" encoding="UTF-8"?>
<testsuite name="com.geektrust.backend.constant.ConstantsTest" tests="1" skipped="0" failures="0" errors="0" timestamp="2022-10-17T14:39:31" hostname="vaibhav-Lenovo-ideapad-320-15IKB" time="0.003">
  <properties/>
  <testcase name="testCheckingConstantsValue()" classname="com.geektrust.backend.constant.ConstantsTest" time="0.003"/>
  <system-out><![CDATA[]]></system-out>
  <system-err><![CDATA[]]></system-err>
</testsuite>
