<?xml version="1.0" encoding="UTF-8"?>
<testsuite name="com.geektrust.backend.entities.BillTest" tests="1" skipped="0" failures="0" errors="0" timestamp="2022-10-17T14:39:30" hostname="vaibhav-Lenovo-ideapad-320-15IKB" time="0.001">
  <properties/>
  <testcase name="shouldCreateABillObject()" classname="com.geektrust.backend.entities.BillTest" time="0.001"/>
  <system-out><![CDATA[]]></system-out>
  <system-err><![CDATA[]]></system-err>
</testsuite>
